03/09/2018 09:12:56 (error): Unable to connect to any of the specified MySQL hosts.
04/09/2018 01:14:12 (message): MySql.Data.MySqlClient.MySqlException (0x80004005): Unknown column 'diagnois_id' in 'field list'
   in MySql.Data.MySqlClient.MySqlStream.ReadPacket()
   in MySql.Data.MySqlClient.NativeDriver.GetResult(Int32& affectedRow, Int64& insertedId)
   in MySql.Data.MySqlClient.Driver.GetResult(Int32 statementId, Int32& affectedRows, Int64& insertedId)
   in MySql.Data.MySqlClient.Driver.NextResult(Int32 statementId, Boolean force)
   in MySql.Data.MySqlClient.MySqlDataReader.NextResult()
   in MySql.Data.MySqlClient.MySqlCommand.ExecuteReader(CommandBehavior behavior)
   in MySql.Data.MySqlClient.MySqlCommand.ExecuteNonQuery()
   in OldAuntie.Prescription.Insert() in C:\dev\Ababu\OldAuntie\Prescription.cs:riga 117
   in OldAuntie.Prescription.Save() in C:\dev\Ababu\OldAuntie\Prescription.cs:riga 63
   in Ababu.FrmPrescriptionEdit.BtnPrescriptionSave_Click(Object sender, EventArgs e) in C:\dev\Ababu\Ababu\FrmPrescriptionEdit.cs:riga 164
04/09/2018 01:14:15 (message): MySql.Data.MySqlClient.MySqlException (0x80004005): Unknown column 'diagnois_id' in 'field list'
   in MySql.Data.MySqlClient.MySqlStream.ReadPacket()
   in MySql.Data.MySqlClient.NativeDriver.GetResult(Int32& affectedRow, Int64& insertedId)
   in MySql.Data.MySqlClient.Driver.GetResult(Int32 statementId, Int32& affectedRows, Int64& insertedId)
   in MySql.Data.MySqlClient.Driver.NextResult(Int32 statementId, Boolean force)
   in MySql.Data.MySqlClient.MySqlDataReader.NextResult()
   in MySql.Data.MySqlClient.MySqlCommand.ExecuteReader(CommandBehavior behavior)
   in MySql.Data.MySqlClient.MySqlCommand.ExecuteNonQuery()
   in OldAuntie.Prescription.Insert() in C:\dev\Ababu\OldAuntie\Prescription.cs:riga 117
   in OldAuntie.Prescription.Save() in C:\dev\Ababu\OldAuntie\Prescription.cs:riga 63
   in Ababu.FrmPrescriptionEdit.BtnPrescriptionSave_Click(Object sender, EventArgs e) in C:\dev\Ababu\Ababu\FrmPrescriptionEdit.cs:riga 164
04/09/2018 01:15:13 (message): MySql.Data.MySqlClient.MySqlException (0x80004005): Unknown column 'diagnois_id' in 'field list'
   in MySql.Data.MySqlClient.MySqlStream.ReadPacket()
   in MySql.Data.MySqlClient.NativeDriver.GetResult(Int32& affectedRow, Int64& insertedId)
   in MySql.Data.MySqlClient.Driver.GetResult(Int32 statementId, Int32& affectedRows, Int64& insertedId)
   in MySql.Data.MySqlClient.Driver.NextResult(Int32 statementId, Boolean force)
   in MySql.Data.MySqlClient.MySqlDataReader.NextResult()
   in MySql.Data.MySqlClient.MySqlCommand.ExecuteReader(CommandBehavior behavior)
   in MySql.Data.MySqlClient.MySqlCommand.ExecuteNonQuery()
   in OldAuntie.Prescription.Insert() in C:\dev\Ababu\OldAuntie\Prescription.cs:riga 117
   in OldAuntie.Prescription.Save() in C:\dev\Ababu\OldAuntie\Prescription.cs:riga 63
   in Ababu.FrmPrescriptionEdit.BtnPrescriptionSave_Click(Object sender, EventArgs e) in C:\dev\Ababu\Ababu\FrmPrescriptionEdit.cs:riga 164
04/09/2018 01:15:14 (message): MySql.Data.MySqlClient.MySqlException (0x80004005): Unknown column 'diagnois_id' in 'field list'
   in MySql.Data.MySqlClient.MySqlStream.ReadPacket()
   in MySql.Data.MySqlClient.NativeDriver.GetResult(Int32& affectedRow, Int64& insertedId)
   in MySql.Data.MySqlClient.Driver.GetResult(Int32 statementId, Int32& affectedRows, Int64& insertedId)
   in MySql.Data.MySqlClient.Driver.NextResult(Int32 statementId, Boolean force)
   in MySql.Data.MySqlClient.MySqlDataReader.NextResult()
   in MySql.Data.MySqlClient.MySqlCommand.ExecuteReader(CommandBehavior behavior)
   in MySql.Data.MySqlClient.MySqlCommand.ExecuteNonQuery()
   in OldAuntie.Prescription.Insert() in C:\dev\Ababu\OldAuntie\Prescription.cs:riga 117
   in OldAuntie.Prescription.Save() in C:\dev\Ababu\OldAuntie\Prescription.cs:riga 63
   in Ababu.FrmPrescriptionEdit.BtnPrescriptionSave_Click(Object sender, EventArgs e) in C:\dev\Ababu\Ababu\FrmPrescriptionEdit.cs:riga 164
04/09/2018 01:15:15 (message): MySql.Data.MySqlClient.MySqlException (0x80004005): Unknown column 'diagnois_id' in 'field list'
   in MySql.Data.MySqlClient.MySqlStream.ReadPacket()
   in MySql.Data.MySqlClient.NativeDriver.GetResult(Int32& affectedRow, Int64& insertedId)
   in MySql.Data.MySqlClient.Driver.GetResult(Int32 statementId, Int32& affectedRows, Int64& insertedId)
   in MySql.Data.MySqlClient.Driver.NextResult(Int32 statementId, Boolean force)
   in MySql.Data.MySqlClient.MySqlDataReader.NextResult()
   in MySql.Data.MySqlClient.MySqlCommand.ExecuteReader(CommandBehavior behavior)
   in MySql.Data.MySqlClient.MySqlCommand.ExecuteNonQuery()
   in OldAuntie.Prescription.Insert() in C:\dev\Ababu\OldAuntie\Prescription.cs:riga 117
   in OldAuntie.Prescription.Save() in C:\dev\Ababu\OldAuntie\Prescription.cs:riga 63
   in Ababu.FrmPrescriptionEdit.BtnPrescriptionSave_Click(Object sender, EventArgs e) in C:\dev\Ababu\Ababu\FrmPrescriptionEdit.cs:riga 164
04/09/2018 01:15:15 (message): MySql.Data.MySqlClient.MySqlException (0x80004005): Unknown column 'diagnois_id' in 'field list'
   in MySql.Data.MySqlClient.MySqlStream.ReadPacket()
   in MySql.Data.MySqlClient.NativeDriver.GetResult(Int32& affectedRow, Int64& insertedId)
   in MySql.Data.MySqlClient.Driver.GetResult(Int32 statementId, Int32& affectedRows, Int64& insertedId)
   in MySql.Data.MySqlClient.Driver.NextResult(Int32 statementId, Boolean force)
   in MySql.Data.MySqlClient.MySqlDataReader.NextResult()
   in MySql.Data.MySqlClient.MySqlCommand.ExecuteReader(CommandBehavior behavior)
   in MySql.Data.MySqlClient.MySqlCommand.ExecuteNonQuery()
   in OldAuntie.Prescription.Insert() in C:\dev\Ababu\OldAuntie\Prescription.cs:riga 117
   in OldAuntie.Prescription.Save() in C:\dev\Ababu\OldAuntie\Prescription.cs:riga 63
   in Ababu.FrmPrescriptionEdit.BtnPrescriptionSave_Click(Object sender, EventArgs e) in C:\dev\Ababu\Ababu\FrmPrescriptionEdit.cs:riga 164
04/09/2018 01:15:15 (message): MySql.Data.MySqlClient.MySqlException (0x80004005): Unknown column 'diagnois_id' in 'field list'
   in MySql.Data.MySqlClient.MySqlStream.ReadPacket()
   in MySql.Data.MySqlClient.NativeDriver.GetResult(Int32& affectedRow, Int64& insertedId)
   in MySql.Data.MySqlClient.Driver.GetResult(Int32 statementId, Int32& affectedRows, Int64& insertedId)
   in MySql.Data.MySqlClient.Driver.NextResult(Int32 statementId, Boolean force)
   in MySql.Data.MySqlClient.MySqlDataReader.NextResult()
   in MySql.Data.MySqlClient.MySqlCommand.ExecuteReader(CommandBehavior behavior)
   in MySql.Data.MySqlClient.MySqlCommand.ExecuteNonQuery()
   in OldAuntie.Prescription.Insert() in C:\dev\Ababu\OldAuntie\Prescription.cs:riga 117
   in OldAuntie.Prescription.Save() in C:\dev\Ababu\OldAuntie\Prescription.cs:riga 63
   in Ababu.FrmPrescriptionEdit.BtnPrescriptionSave_Click(Object sender, EventArgs e) in C:\dev\Ababu\Ababu\FrmPrescriptionEdit.cs:riga 164
04/09/2018 01:15:16 (message): MySql.Data.MySqlClient.MySqlException (0x80004005): Unknown column 'diagnois_id' in 'field list'
   in MySql.Data.MySqlClient.MySqlStream.ReadPacket()
   in MySql.Data.MySqlClient.NativeDriver.GetResult(Int32& affectedRow, Int64& insertedId)
   in MySql.Data.MySqlClient.Driver.GetResult(Int32 statementId, Int32& affectedRows, Int64& insertedId)
   in MySql.Data.MySqlClient.Driver.NextResult(Int32 statementId, Boolean force)
   in MySql.Data.MySqlClient.MySqlDataReader.NextResult()
   in MySql.Data.MySqlClient.MySqlCommand.ExecuteReader(CommandBehavior behavior)
   in MySql.Data.MySqlClient.MySqlCommand.ExecuteNonQuery()
   in OldAuntie.Prescription.Insert() in C:\dev\Ababu\OldAuntie\Prescription.cs:riga 117
   in OldAuntie.Prescription.Save() in C:\dev\Ababu\OldAuntie\Prescription.cs:riga 63
   in Ababu.FrmPrescriptionEdit.BtnPrescriptionSave_Click(Object sender, EventArgs e) in C:\dev\Ababu\Ababu\FrmPrescriptionEdit.cs:riga 164
04/09/2018 01:15:16 (message): MySql.Data.MySqlClient.MySqlException (0x80004005): Unknown column 'diagnois_id' in 'field list'
   in MySql.Data.MySqlClient.MySqlStream.ReadPacket()
   in MySql.Data.MySqlClient.NativeDriver.GetResult(Int32& affectedRow, Int64& insertedId)
   in MySql.Data.MySqlClient.Driver.GetResult(Int32 statementId, Int32& affectedRows, Int64& insertedId)
   in MySql.Data.MySqlClient.Driver.NextResult(Int32 statementId, Boolean force)
   in MySql.Data.MySqlClient.MySqlDataReader.NextResult()
   in MySql.Data.MySqlClient.MySqlCommand.ExecuteReader(CommandBehavior behavior)
   in MySql.Data.MySqlClient.MySqlCommand.ExecuteNonQuery()
   in OldAuntie.Prescription.Insert() in C:\dev\Ababu\OldAuntie\Prescription.cs:riga 117
   in OldAuntie.Prescription.Save() in C:\dev\Ababu\OldAuntie\Prescription.cs:riga 63
   in Ababu.FrmPrescriptionEdit.BtnPrescriptionSave_Click(Object sender, EventArgs e) in C:\dev\Ababu\Ababu\FrmPrescriptionEdit.cs:riga 164
04/09/2018 01:15:20 (message): MySql.Data.MySqlClient.MySqlException (0x80004005): Unknown column 'diagnois_id' in 'field list'
   in MySql.Data.MySqlClient.MySqlStream.ReadPacket()
   in MySql.Data.MySqlClient.NativeDriver.GetResult(Int32& affectedRow, Int64& insertedId)
   in MySql.Data.MySqlClient.Driver.GetResult(Int32 statementId, Int32& affectedRows, Int64& insertedId)
   in MySql.Data.MySqlClient.Driver.NextResult(Int32 statementId, Boolean force)
   in MySql.Data.MySqlClient.MySqlDataReader.NextResult()
   in MySql.Data.MySqlClient.MySqlCommand.ExecuteReader(CommandBehavior behavior)
   in MySql.Data.MySqlClient.MySqlCommand.ExecuteNonQuery()
   in OldAuntie.Prescription.Insert() in C:\dev\Ababu\OldAuntie\Prescription.cs:riga 117
   in OldAuntie.Prescription.Save() in C:\dev\Ababu\OldAuntie\Prescription.cs:riga 63
   in Ababu.FrmPrescriptionEdit.BtnPrescriptionSave_Click(Object sender, EventArgs e) in C:\dev\Ababu\Ababu\FrmPrescriptionEdit.cs:riga 164
11/09/2018 17:30:28 (error): Connection must be valid and open.
11/09/2018 17:30:28 (error): Connection must be valid and open.
11/09/2018 17:47:35 (error): Connection must be valid and open.
11/09/2018 17:47:36 (error): Connection must be valid and open.
13/09/2018 08:35:18 (error): Unable to connect to any of the specified MySQL hosts.
13/09/2018 19:58:12 (error): Unknown column 'a.is_normal' in 'field list'
15/09/2018 15:34:34 (error): Connection must be valid and open.
15/09/2018 15:34:34 (error): Connection must be valid and open.
17/09/2018 11:52:49 (message): MySql.Data.MySqlClient.MySqlException (0x80004005): Fatal error encountered during command execution. ---> MySql.Data.MySqlClient.MySqlException (0x80004005): Parameter '@mediacal_report' must be defined.
   in MySql.Data.MySqlClient.Statement.SerializeParameter(MySqlParameterCollection parameters, MySqlPacket packet, String parmName, Int32 parameterIndex)
   in MySql.Data.MySqlClient.Statement.InternalBindParameters(String sql, MySqlParameterCollection parameters, MySqlPacket packet)
   in MySql.Data.MySqlClient.Statement.BindParameters()
   in MySql.Data.MySqlClient.PreparableStatement.Execute()
   in MySql.Data.MySqlClient.MySqlCommand.ExecuteReader(CommandBehavior behavior)
   in MySql.Data.MySqlClient.MySqlCommand.ExecuteReader(CommandBehavior behavior)
   in MySql.Data.MySqlClient.MySqlCommand.ExecuteNonQuery()
   in OldAuntie.Examination.Update() in C:\dev\Ababu\OldAuntie\Examination.cs:riga 97
   in OldAuntie.Examination.Save() in C:\dev\Ababu\OldAuntie\Examination.cs:riga 61
   in Ababu.FrmExaminationEdit.BtnPrescriptionSave_Click(Object sender, EventArgs e) in C:\dev\Ababu\Ababu\FrmExaminationEdit.cs:riga 152
21/09/2018 08:42:57 (error): Unable to connect to any of the specified MySQL hosts.
21/09/2018 08:43:01 (error): Connection must be valid and open.
21/09/2018 08:43:01 (error): Connection must be valid and open.
22/09/2018 10:57:33 (error): Unknown column 'a.diagnostic_test_id' in 'where clause'
22/09/2018 15:59:38 (error): Unknown column 'a.diagnostic_test_id' in 'where clause'
22/09/2018 16:06:50 (error): Unknown column 'a.in_evidence' in 'order clause'
22/09/2018 16:08:42 (error): Unknown column 'a.in_evidence' in 'order clause'
03/10/2018 07:34:50 (error): The CommandText property has not been properly initialized.
03/10/2018 07:34:51 (error): The CommandText property has not been properly initialized.
03/10/2018 07:35:15 (error): The CommandText property has not been properly initialized.
03/10/2018 08:34:44 (error): The CommandText property has not been properly initialized.
03/10/2018 08:35:21 (error): The CommandText property has not been properly initialized.
03/10/2018 08:36:53 (error): The CommandText property has not been properly initialized.
